<?xml version="1.0" encoding="UTF-8"?>
<!-- Generated by org.testng.reporters.JUnitXMLReporter -->
<testsuite ignored="0" hostname="LAPTOP-V52KHLDN" failures="0" tests="4" name="hybridframeworkIntelliJ" time="40.038" errors="0" timestamp="2025-01-20T17:47:59 IST">
  <testcase classname="tests.LoginTest" name="loginwithValidCreds" time="4.666"/>
  <testcase classname="tests.LoginTest" name="loginwithValidCreds" time="2.023"/>
  <testcase classname="tests.LoginTest" name="loginwithInvalidCreds" time="2.183"/>
  <testcase classname="tests.LoginTest" name="loginwithInvalidCreds" time="2.042"/>
</testsuite> <!-- hybridframeworkIntelliJ -->
