<?xml version="1.0" encoding="UTF-8"?>
<testsuite xmlns:xsi="http://www.w3.org/2001/XMLSchema-instance" xsi:noNamespaceSchemaLocation="https://maven.apache.org/surefire/maven-surefire-plugin/xsd/surefire-test-report.xsd" version="3.0.2" name="TestSuite" time="61.499" tests="11" errors="0" skipped="0" failures="1">
  <properties>
[...]
</properties>
  <testcase name="verifyDashboardHeader" classname="tests.DashboardTest" time="0.444">
    <system-out><![CDATA[...
... TestNG 7.10.2 by Cédric Beust (cedric@beust.com)
...

onStart:Execution of Project Tests started myTest
]]></system-out>
    <system-err><![CDATA[SLF4J: Failed to load class "org.slf4j.impl.StaticLoggerBinder".
SLF4J: Defaulting to no-operation (NOP) logger implementation
SLF4J: See http://www.slf4j.org/codes.html#StaticLoggerBinder for further details.
]]></system-err>
  </testcase>
  <testcase name="clickProfileDropDownMethod" classname="tests.DashboardTest" time="2.222"/>
  <testcase name="verifyDropdownItem1" classname="tests.DashboardTest" time="0.043"/>
  <testcase name="verifyDropdownItem2" classname="tests.DashboardTest" time="0.037"/>
  <testcase name="verifyDropdownItem3" classname="tests.DashboardTest" time="0.165"/>
  <testcase name="verifyDropdownItem4" classname="tests.DashboardTest" time="0.148"/>
  <testcase name="verifyDropdownItem4Er" classname="tests.DashboardTest" time="0.611">
    <failure message="Item4 mismatch expected [Logoutss] but found [Logout]" type="java.lang.AssertionError"><![CDATA[java.lang.AssertionError: Item4 mismatch expected [Logoutss] but found [Logout]
	at org.testng.Assert.fail(Assert.java:111)
	at org.testng.Assert.failNotEquals(Assert.java:1578)
	at org.testng.Assert.assertEqualsImpl(Assert.java:150)
	at org.testng.Assert.assertEquals(Assert.java:132)
	at org.testng.Assert.assertEquals(Assert.java:656)
	at tests.DashboardTest.verifyDropdownItem4Er(DashboardTest.java:71)
	at java.base/jdk.internal.reflect.DirectMethodHandleAccessor.invoke(DirectMethodHandleAccessor.java:103)
	at java.base/java.lang.reflect.Method.invoke(Method.java:580)
	at org.testng.internal.invokers.MethodInvocationHelper.invokeMethod(MethodInvocationHelper.java:141)
	at org.testng.internal.invokers.TestInvoker.invokeMethod(TestInvoker.java:686)
	at org.testng.internal.invokers.TestInvoker.invokeTestMethod(TestInvoker.java:230)
	at org.testng.internal.invokers.MethodRunner.runInSequence(MethodRunner.java:63)
	at org.testng.internal.invokers.TestInvoker$MethodInvocationAgent.invoke(TestInvoker.java:992)
	at org.testng.internal.invokers.TestInvoker.invokeTestMethods(TestInvoker.java:203)
	at org.testng.internal.invokers.TestMethodWorker.invokeTestMethods(TestMethodWorker.java:154)
	at org.testng.internal.invokers.TestMethodWorker.run(TestMethodWorker.java:134)
	at java.base/java.util.concurrent.Executors$RunnableAdapter.call(Executors.java:572)
	at java.base/java.util.concurrent.FutureTask.run(FutureTask.java:317)
	at org.testng.internal.thread.graph.TestNGFutureTask.run(TestNGFutureTask.java:22)
	at java.base/java.util.concurrent.ThreadPoolExecutor.runWorker(ThreadPoolExecutor.java:1144)
	at java.base/java.util.concurrent.ThreadPoolExecutor$Worker.run(ThreadPoolExecutor.java:642)
	at java.base/java.lang.Thread.run(Thread.java:1583)
]]></failure>
  </testcase>
  <testcase name="loginwithValidCreds[Admin, admin123](1)" classname="tests.LoginTest" time="0.742"/>
  <testcase name="loginwithValidCreds[Admin, admin123](2)" classname="tests.LoginTest" time="1.964"/>
  <testcase name="loginwithInvalidCreds[AdminAdmi1, admirrn123](1)" classname="tests.LoginTest" time="2.112"/>
  <testcase name="loginwithInvalidCreds[AdminAdmi2, admirrn123](2)" classname="tests.LoginTest" time="3.602"/>
</testsuite>